<?xml version="1.0" encoding="UTF-8"?>
<!-- Generated by org.testng.reporters.JUnitReportReporter -->
<testsuite hostname="LAPTOP-5IJEV2I7" failures="0" tests="4" name="testNG.Methods_testng" time="10.569" errors="0" timestamp="2023-08-28T22:27:13 IST" skipped="1">
  <testcase classname="testNG.Methods_testng" name="test2" time="2.850"/>
  <testcase classname="testNG.Methods_testng" name="test2" time="4.119"/>
  <testcase classname="testNG.Methods_testng" name="test2" time="3.600"/>
  <testcase classname="testNG.Methods_testng" name="test3">
    <skipped/>
  </testcase> <!-- test3 -->
</testsuite> <!-- testNG.Methods_testng -->
