<?xml version="1.0" encoding="UTF-8"?>
<!-- Generated by org.testng.reporters.JUnitReportReporter -->
<testsuite hostname="LAPTOP-5IJEV2I7" failures="0" tests="2" name="groups_testng.Group1" time="0.009" errors="0" timestamp="2023-08-28T22:04:33 IST" skipped="0">
  <testcase classname="groups_testng.Group1" name="test1" time="0.007"/>
  <testcase classname="groups_testng.Group1" name="test2" time="0.002"/>
</testsuite> <!-- groups_testng.Group1 -->
